WARNING: missing driver HDL files.
Writing C:\Projects\Dazzelite\Dazz12\instr_dpram_sect3\rtl\instr_dpram_sect3_bb.v 
Writing C:\Projects\Dazzelite\Dazz12\instr_dpram_sect3\instr_dpram_sect3.cfg 
Writing C:\Projects\Dazzelite\Dazz12\instr_dpram_sect3\misc\instr_dpram_sect3_tmpl.v 
Writing C:\Projects\Dazzelite\Dazz12\instr_dpram_sect3\misc\instr_dpram_sect3_tmpl.vhd 
Writing C:\Projects\Dazzelite\Dazz12\instr_dpram_sect3\rtl\instr_dpram_sect3.v 
Writing C:\Projects\Dazzelite\Dazz12\instr_dpram_sect3\constraints\instr_dpram_sect3.ldc 
Writing C:\Projects\Dazzelite\Dazz12\instr_dpram_sect3\testbench\dut_params.v 
Writing C:\Projects\Dazzelite\Dazz12\instr_dpram_sect3\testbench\dut_inst.v 
Writing C:\Projects\Dazzelite\Dazz12\instr_dpram_sect3\design.xml 
Writing C:\Projects\Dazzelite\Dazz12\instr_dpram_sect3\component.xml 
Writing C:\Projects\Dazzelite\Dazz12\instr_dpram_sect3\instr_dpram_sect3.ipx 
WARNING: missing driver HDL files.
Writing C:\Projects\Dazzelite\Dazz12\instr_dpram_sect3\rtl\instr_dpram_sect3_bb.v 
Writing C:\Projects\Dazzelite\Dazz12\instr_dpram_sect3\instr_dpram_sect3.cfg 
Writing C:\Projects\Dazzelite\Dazz12\instr_dpram_sect3\misc\instr_dpram_sect3_tmpl.v 
Writing C:\Projects\Dazzelite\Dazz12\instr_dpram_sect3\misc\instr_dpram_sect3_tmpl.vhd 
Writing C:\Projects\Dazzelite\Dazz12\instr_dpram_sect3\rtl\instr_dpram_sect3.v 
Writing C:\Projects\Dazzelite\Dazz12\instr_dpram_sect3\constraints\instr_dpram_sect3.ldc 
Writing C:\Projects\Dazzelite\Dazz12\instr_dpram_sect3\testbench\dut_params.v 
Writing C:\Projects\Dazzelite\Dazz12\instr_dpram_sect3\testbench\dut_inst.v 
Writing C:\Projects\Dazzelite\Dazz12\instr_dpram_sect3\design.xml 
Writing C:\Projects\Dazzelite\Dazz12\instr_dpram_sect3\component.xml 
Writing C:\Projects\Dazzelite\Dazz12\instr_dpram_sect3\instr_dpram_sect3.ipx 
WARNING: missing driver HDL files.
Writing C:\Projects\Dazzelite\Dazz12\instr_dpram_sect3\rtl\instr_dpram_sect3_bb.v 
Writing C:\Projects\Dazzelite\Dazz12\instr_dpram_sect3\instr_dpram_sect3.cfg 
Writing C:\Projects\Dazzelite\Dazz12\instr_dpram_sect3\misc\instr_dpram_sect3_tmpl.v 
Writing C:\Projects\Dazzelite\Dazz12\instr_dpram_sect3\misc\instr_dpram_sect3_tmpl.vhd 
Writing C:\Projects\Dazzelite\Dazz12\instr_dpram_sect3\rtl\instr_dpram_sect3.v 
Writing C:\Projects\Dazzelite\Dazz12\instr_dpram_sect3\constraints\instr_dpram_sect3.ldc 
Writing C:\Projects\Dazzelite\Dazz12\instr_dpram_sect3\testbench\dut_params.v 
Writing C:\Projects\Dazzelite\Dazz12\instr_dpram_sect3\testbench\dut_inst.v 
Writing C:\Projects\Dazzelite\Dazz12\instr_dpram_sect3\design.xml 
Writing C:\Projects\Dazzelite\Dazz12\instr_dpram_sect3\component.xml 
Writing C:\Projects\Dazzelite\Dazz12\instr_dpram_sect3\instr_dpram_sect3.ipx 
WARNING: missing driver HDL files.
Writing C:\Projects\Dazzelite\Dazz12\instr_dpram_sect3\rtl\instr_dpram_sect3_bb.v 
Writing C:\Projects\Dazzelite\Dazz12\instr_dpram_sect3\instr_dpram_sect3.cfg 
Writing C:\Projects\Dazzelite\Dazz12\instr_dpram_sect3\misc\instr_dpram_sect3_tmpl.v 
Writing C:\Projects\Dazzelite\Dazz12\instr_dpram_sect3\misc\instr_dpram_sect3_tmpl.vhd 
Writing C:\Projects\Dazzelite\Dazz12\instr_dpram_sect3\rtl\instr_dpram_sect3.v 
Writing C:\Projects\Dazzelite\Dazz12\instr_dpram_sect3\constraints\instr_dpram_sect3.ldc 
Writing C:\Projects\Dazzelite\Dazz12\instr_dpram_sect3\testbench\dut_params.v 
Writing C:\Projects\Dazzelite\Dazz12\instr_dpram_sect3\testbench\dut_inst.v 
Writing C:\Projects\Dazzelite\Dazz12\instr_dpram_sect3\design.xml 
Writing C:\Projects\Dazzelite\Dazz12\instr_dpram_sect3\component.xml 
Writing C:\Projects\Dazzelite\Dazz12\instr_dpram_sect3\instr_dpram_sect3.ipx 
WARNING: missing driver HDL files.
Writing C:\Projects\Dazzelite\Dazz12\instr_dpram_sect3\rtl\instr_dpram_sect3_bb.v 
Writing C:\Projects\Dazzelite\Dazz12\instr_dpram_sect3\instr_dpram_sect3.cfg 
Writing C:\Projects\Dazzelite\Dazz12\instr_dpram_sect3\misc\instr_dpram_sect3_tmpl.v 
Writing C:\Projects\Dazzelite\Dazz12\instr_dpram_sect3\misc\instr_dpram_sect3_tmpl.vhd 
Writing C:\Projects\Dazzelite\Dazz12\instr_dpram_sect3\rtl\instr_dpram_sect3.v 
Writing C:\Projects\Dazzelite\Dazz12\instr_dpram_sect3\constraints\instr_dpram_sect3.ldc 
Writing C:\Projects\Dazzelite\Dazz12\instr_dpram_sect3\testbench\dut_params.v 
Writing C:\Projects\Dazzelite\Dazz12\instr_dpram_sect3\testbench\dut_inst.v 
Writing C:\Projects\Dazzelite\Dazz12\instr_dpram_sect3\design.xml 
Writing C:\Projects\Dazzelite\Dazz12\instr_dpram_sect3\component.xml 
Writing C:\Projects\Dazzelite\Dazz12\instr_dpram_sect3\instr_dpram_sect3.ipx 
WARNING: missing driver HDL files.
Writing C:\Projects\Dazzelite\Dazz12\instr_dpram_sect3\rtl\instr_dpram_sect3_bb.v 
Writing C:\Projects\Dazzelite\Dazz12\instr_dpram_sect3\instr_dpram_sect3.cfg 
Writing C:\Projects\Dazzelite\Dazz12\instr_dpram_sect3\misc\instr_dpram_sect3_tmpl.v 
Writing C:\Projects\Dazzelite\Dazz12\instr_dpram_sect3\misc\instr_dpram_sect3_tmpl.vhd 
Writing C:\Projects\Dazzelite\Dazz12\instr_dpram_sect3\rtl\instr_dpram_sect3.v 
Writing C:\Projects\Dazzelite\Dazz12\instr_dpram_sect3\constraints\instr_dpram_sect3.ldc 
Writing C:\Projects\Dazzelite\Dazz12\instr_dpram_sect3\testbench\dut_params.v 
Writing C:\Projects\Dazzelite\Dazz12\instr_dpram_sect3\testbench\dut_inst.v 
Writing C:\Projects\Dazzelite\Dazz12\instr_dpram_sect3\design.xml 
Writing C:\Projects\Dazzelite\Dazz12\instr_dpram_sect3\component.xml 
Writing C:\Projects\Dazzelite\Dazz12\instr_dpram_sect3\instr_dpram_sect3.ipx 
WARNING: missing driver HDL files.
Writing C:\Projects\Dazzelite\Dazz12\instr_dpram_sect1\rtl\instr_dpram_sect1_bb.v 
Writing C:\Projects\Dazzelite\Dazz12\instr_dpram_sect1\instr_dpram_sect1.cfg 
Writing C:\Projects\Dazzelite\Dazz12\instr_dpram_sect1\misc\instr_dpram_sect1_tmpl.v 
Writing C:\Projects\Dazzelite\Dazz12\instr_dpram_sect1\misc\instr_dpram_sect1_tmpl.vhd 
Writing C:\Projects\Dazzelite\Dazz12\instr_dpram_sect1\rtl\instr_dpram_sect1.v 
Writing C:\Projects\Dazzelite\Dazz12\instr_dpram_sect1\constraints\instr_dpram_sect1.ldc 
Writing C:\Projects\Dazzelite\Dazz12\instr_dpram_sect1\testbench\dut_params.v 
Writing C:\Projects\Dazzelite\Dazz12\instr_dpram_sect1\testbench\dut_inst.v 
Writing C:\Projects\Dazzelite\Dazz12\instr_dpram_sect1\design.xml 
Writing C:\Projects\Dazzelite\Dazz12\instr_dpram_sect1\component.xml 
Writing C:\Projects\Dazzelite\Dazz12\instr_dpram_sect1\instr_dpram_sect1.ipx 
WARNING: missing driver HDL files.
Writing C:\Projects\Dazzelite\Dazz12\instr_dpram_sect1\rtl\instr_dpram_sect1_bb.v 
Writing C:\Projects\Dazzelite\Dazz12\instr_dpram_sect1\instr_dpram_sect1.cfg 
Writing C:\Projects\Dazzelite\Dazz12\instr_dpram_sect1\misc\instr_dpram_sect1_tmpl.v 
Writing C:\Projects\Dazzelite\Dazz12\instr_dpram_sect1\misc\instr_dpram_sect1_tmpl.vhd 
Writing C:\Projects\Dazzelite\Dazz12\instr_dpram_sect1\rtl\instr_dpram_sect1.v 
Writing C:\Projects\Dazzelite\Dazz12\instr_dpram_sect1\constraints\instr_dpram_sect1.ldc 
Writing C:\Projects\Dazzelite\Dazz12\instr_dpram_sect1\testbench\dut_params.v 
Writing C:\Projects\Dazzelite\Dazz12\instr_dpram_sect1\testbench\dut_inst.v 
Writing C:\Projects\Dazzelite\Dazz12\instr_dpram_sect1\design.xml 
Writing C:\Projects\Dazzelite\Dazz12\instr_dpram_sect1\component.xml 
Writing C:\Projects\Dazzelite\Dazz12\instr_dpram_sect1\instr_dpram_sect1.ipx 
WARNING: missing driver HDL files.
Writing C:\Projects\Dazzelite\Dazz12\instr_dpram_sect1\rtl\instr_dpram_sect1_bb.v 
Writing C:\Projects\Dazzelite\Dazz12\instr_dpram_sect1\instr_dpram_sect1.cfg 
Writing C:\Projects\Dazzelite\Dazz12\instr_dpram_sect1\misc\instr_dpram_sect1_tmpl.v 
Writing C:\Projects\Dazzelite\Dazz12\instr_dpram_sect1\misc\instr_dpram_sect1_tmpl.vhd 
Writing C:\Projects\Dazzelite\Dazz12\instr_dpram_sect1\rtl\instr_dpram_sect1.v 
Writing C:\Projects\Dazzelite\Dazz12\instr_dpram_sect1\constraints\instr_dpram_sect1.ldc 
Writing C:\Projects\Dazzelite\Dazz12\instr_dpram_sect1\testbench\dut_params.v 
Writing C:\Projects\Dazzelite\Dazz12\instr_dpram_sect1\testbench\dut_inst.v 
Writing C:\Projects\Dazzelite\Dazz12\instr_dpram_sect1\design.xml 
Writing C:\Projects\Dazzelite\Dazz12\instr_dpram_sect1\component.xml 